Build started 2014/7/25 23:31:13.
     1>Project "C:\projects\open_source\revolver\common\vsproj\rudp_v12.vcxproj" on node 2 (Build target(s)).
     1>C:\Program Files (x86)\MSBuild\Microsoft.Cpp\v4.0\V120\Microsoft.CppBuild.targets(356,5): warning MSB8004: Intermediate Directory does not end with a trailing slash.  This build instance will add the slash as it is required to allow proper evaluation of the Intermediate Directory.
     1>InitializeBuildStatus:
         Creating "C:\projects\open_source\revolver\common\Debug\rudp\rudp.tlog\unsuccessfulbuild" because "AlwaysCreate" was specified.
       ClCompile:
         All outputs are up-to-date.
       MakeDirsForLib:
         Creating directory "C:\projects\open_source\revolver\common\vsproj\..\lib\debug".
     1>C:\Program Files (x86)\MSBuild\Microsoft.Cpp\v4.0\V120\Microsoft.CppBuild.targets(1354,5): warning MSB8012: TargetPath(C:\projects\open_source\revolver\common\Debug\rudp.lib) does not match the Library's OutputFile property value (C:\projects\open_source\revolver\common\lib\debug\rudp.lib). This may cause your project to build incorrectly. To correct this, please make sure that $(OutDir), $(TargetName) and $(TargetExt) property values match the value specified in %(Lib.OutputFile).
       Lib:
         All outputs are up-to-date.
         C:\Program Files (x86)\Microsoft Visual Studio 12.0\VC\bin\Lib.exe /OUT:"..\lib\debug\rudp.lib" /NOLOGO C:\projects\open_source\revolver\common\Debug\rudp\rudp_adapter.obj
         C:\projects\open_source\revolver\common\Debug\rudp\rudp_ccc.obj
         C:\projects\open_source\revolver\common\Debug\rudp\rudp_interface.obj
         C:\projects\open_source\revolver\common\Debug\rudp\rudp_log_macro.obj
         C:\projects\open_source\revolver\common\Debug\rudp\rudp_recv_buffer.obj
         C:\projects\open_source\revolver\common\Debug\rudp\rudp_segment.obj
         C:\projects\open_source\revolver\common\Debug\rudp\rudp_send_buffer.obj
         C:\projects\open_source\revolver\common\Debug\rudp\rudp_socket.obj
         C:\projects\open_source\revolver\common\Debug\rudp\rudp_stream.obj
         rudp_v12.vcxproj -> C:\projects\open_source\revolver\common\Debug\rudp.lib
       FinalizeBuildStatus:
         Deleting file "C:\projects\open_source\revolver\common\Debug\rudp\rudp.tlog\unsuccessfulbuild".
         Touching "C:\projects\open_source\revolver\common\Debug\rudp\rudp.tlog\rudp.lastbuildstate".
     1>Done Building Project "C:\projects\open_source\revolver\common\vsproj\rudp_v12.vcxproj" (Build target(s)).

Build succeeded.

Time Elapsed 00:00:00.20
