Build started 2014/7/25 23:31:56.
     1>Project "C:\projects\open_source\revolver\common\vsproj\core_v12.vcxproj" on node 2 (Build target(s)).
     1>C:\Program Files (x86)\MSBuild\Microsoft.Cpp\v4.0\V120\Microsoft.CppBuild.targets(356,5): warning MSB8004: Intermediate Directory does not end with a trailing slash.  This build instance will add the slash as it is required to allow proper evaluation of the Intermediate Directory.
         Creating directory "C:\projects\open_source\revolver\common\Debug\core\core.tlog\".
     1>InitializeBuildStatus:
         Creating "C:\projects\open_source\revolver\common\Debug\core\core.tlog\unsuccessfulbuild" because "AlwaysCreate" was specified.
       ClCompile:
         C:\Program Files (x86)\Microsoft Visual Studio 12.0\VC\bin\CL.exe /c /I../ /Zi /nologo /W3 /WX- /Od /Oy- /D WIN32 /D _DEBUG /D _LIB /D _UNICODE /D UNICODE /Gm /EHsc /RTC1 /MTd /GS /fp:precise /Zc:wchar_t /Zc:forScope /Fo"C:\projects\open_source\revolver\common\Debug\core\\" /Fd"C:\projects\open_source\revolver\common\Debug\core\vc120.pdb" /Gd /TP /analyze- /errorReport:prompt ..\core\core_bandwidth_throttler.cpp ..\core\core_cmd_target.cpp ..\core\core_connection.cpp ..\core\core_connection_mananger.cpp ..\core\core_daemon_client.cpp ..\core\core_dc_client.cpp ..\core\core_frame.cpp ..\core\core_log_macro.cpp ..\core\core_main.cpp ..\core\core_message_map_decl.cpp ..\core\core_message_processor.cpp ..\core\core_packet.cpp ..\core\core_reactor_thread.cpp ..\core\core_server_type.cpp ..\core\core_tcp_listener.cpp ..\core\core_udp_handler.cpp ..\core\dc_short_conn.cpp
         dc_short_conn.cpp
         core_udp_handler.cpp
         core_tcp_listener.cpp
         core_server_type.cpp
         core_reactor_thread.cpp
         core_packet.cpp
         core_message_processor.cpp
         core_message_map_decl.cpp
         core_main.cpp
         core_log_macro.cpp
         core_frame.cpp
         core_dc_client.cpp
         core_daemon_client.cpp
         core_connection_mananger.cpp
         core_connection.cpp
         core_cmd_target.cpp
         core_bandwidth_throttler.cpp
         Generating Code...
     1>C:\Program Files (x86)\MSBuild\Microsoft.Cpp\v4.0\V120\Microsoft.CppBuild.targets(1354,5): warning MSB8012: TargetPath(C:\projects\open_source\revolver\common\Debug\core.lib) does not match the Library's OutputFile property value (C:\projects\open_source\revolver\common\lib\debug\core.lib). This may cause your project to build incorrectly. To correct this, please make sure that $(OutDir), $(TargetName) and $(TargetExt) property values match the value specified in %(Lib.OutputFile).
       Lib:
         C:\Program Files (x86)\Microsoft Visual Studio 12.0\VC\bin\Lib.exe /OUT:"..\lib\debug\core.lib" /NOLOGO C:\projects\open_source\revolver\common\Debug\core\core_bandwidth_throttler.obj
         C:\projects\open_source\revolver\common\Debug\core\core_cmd_target.obj
         C:\projects\open_source\revolver\common\Debug\core\core_connection.obj
         C:\projects\open_source\revolver\common\Debug\core\core_connection_mananger.obj
         C:\projects\open_source\revolver\common\Debug\core\core_daemon_client.obj
         C:\projects\open_source\revolver\common\Debug\core\core_dc_client.obj
         C:\projects\open_source\revolver\common\Debug\core\core_frame.obj
         C:\projects\open_source\revolver\common\Debug\core\core_log_macro.obj
         C:\projects\open_source\revolver\common\Debug\core\core_main.obj
         C:\projects\open_source\revolver\common\Debug\core\core_message_map_decl.obj
         C:\projects\open_source\revolver\common\Debug\core\core_message_processor.obj
         C:\projects\open_source\revolver\common\Debug\core\core_packet.obj
         C:\projects\open_source\revolver\common\Debug\core\core_reactor_thread.obj
         C:\projects\open_source\revolver\common\Debug\core\core_server_type.obj
         C:\projects\open_source\revolver\common\Debug\core\core_tcp_listener.obj
         C:\projects\open_source\revolver\common\Debug\core\core_udp_handler.obj
         C:\projects\open_source\revolver\common\Debug\core\dc_short_conn.obj
         core_v12.vcxproj -> C:\projects\open_source\revolver\common\Debug\core.lib
       FinalizeBuildStatus:
         Deleting file "C:\projects\open_source\revolver\common\Debug\core\core.tlog\unsuccessfulbuild".
         Touching "C:\projects\open_source\revolver\common\Debug\core\core.tlog\core.lastbuildstate".
     1>Done Building Project "C:\projects\open_source\revolver\common\vsproj\core_v12.vcxproj" (Build target(s)).

Build succeeded.

Time Elapsed 00:00:17.98
