Build started 2014/7/25 23:31:24.
     1>Project "C:\projects\open_source\revolver\common\vsproj\revolver_v12.vcxproj" on node 2 (Build target(s)).
     1>C:\Program Files (x86)\MSBuild\Microsoft.Cpp\v4.0\V120\Microsoft.CppBuild.targets(356,5): warning MSB8004: Intermediate Directory does not end with a trailing slash.  This build instance will add the slash as it is required to allow proper evaluation of the Intermediate Directory.
         Creating directory "C:\projects\open_source\revolver\common\Debug\revolver\revolver.tlog\".
     1>InitializeBuildStatus:
         Creating "C:\projects\open_source\revolver\common\Debug\revolver\revolver.tlog\unsuccessfulbuild" because "AlwaysCreate" was specified.
       ClCompile:
         C:\Program Files (x86)\Microsoft Visual Studio 12.0\VC\bin\CL.exe /c /I../ /ZI /nologo /W3 /WX- /Od /Oy- /D WIN32 /D _DEBUG /D _LIB /D _UNICODE /D UNICODE /Gm /EHsc /RTC1 /MTd /GS /fp:precise /Zc:wchar_t /Zc:forScope /Fo"C:\projects\open_source\revolver\common\Debug\revolver\\" /Fd"C:\projects\open_source\revolver\common\Debug\revolver\vc120.pdb" /Gd /TC /analyze- /errorReport:prompt ..\revolver\aes.c ..\revolver\crc_crypt.c ..\revolver\md5c.c ..\revolver\minilzo.c
         minilzo.c
         md5c.c
         crc_crypt.c
         aes.c
         Generating Code...
         C:\Program Files (x86)\Microsoft Visual Studio 12.0\VC\bin\CL.exe /c /I../ /ZI /nologo /W3 /WX- /Od /Oy- /D WIN32 /D _DEBUG /D _LIB /D _UNICODE /D UNICODE /Gm /EHsc /RTC1 /MTd /GS /fp:precise /Zc:wchar_t /Zc:forScope /Fo"C:\projects\open_source\revolver\common\Debug\revolver\\" /Fd"C:\projects\open_source\revolver\common\Debug\revolver\vc120.pdb" /Gd /TP /analyze- /errorReport:prompt ..\revolver\base64.cpp ..\revolver\base_epoll_reactor.cpp ..\revolver\base_event_handler.cpp ..\revolver\base_file.cpp ..\revolver\base_hex_string.cpp ..\revolver\base_inet_addr.cpp ..\revolver\base_log.cpp ..\revolver\base_log_thread.cpp ..\revolver\base_nodes_load.cpp ..\revolver\base_select_reactor.cpp ..\revolver\base_socket.cpp ..\revolver\base_sock_acceptor.cpp ..\revolver\base_sock_connector.cpp ..\revolver\base_sock_dgram.cpp ..\revolver\base_sock_stream.cpp ..\revolver\base_thread.cpp ..\revolver\base_timer_value.cpp ..\revolver\date_time.cpp ..\revolver\gettimeofday.cpp ..\revolver\lzo_object.cpp ..\revolver\timer_ring.cpp
         timer_ring.cpp
         lzo_object.cpp
         gettimeofday.cpp
         date_time.cpp
     1>c:\projects\open_source\revolver\common\revolver\date_time.cpp(166): warning C4244: '=' : conversion from 'const time_t' to 'int', possible loss of data
         base_timer_value.cpp
         base_thread.cpp
         base_sock_stream.cpp
         base_sock_dgram.cpp
         base_sock_connector.cpp
         base_sock_acceptor.cpp
         base_socket.cpp
         base_select_reactor.cpp
         base_nodes_load.cpp
         base_log_thread.cpp
         base_log.cpp
     1>c:\projects\open_source\revolver\common\revolver\base_log.cpp(249): warning C4018: '>' : signed/unsigned mismatch
     1>c:\projects\open_source\revolver\common\revolver\base_log.cpp(260): warning C4018: '<' : signed/unsigned mismatch
         base_inet_addr.cpp
         base_hex_string.cpp
         base_file.cpp
         base_event_handler.cpp
         base_epoll_reactor.cpp
         Generating Code...
         Compiling...
         base64.cpp
         Generating Code...
     1>C:\Program Files (x86)\MSBuild\Microsoft.Cpp\v4.0\V120\Microsoft.CppBuild.targets(1354,5): warning MSB8012: TargetPath(C:\projects\open_source\revolver\common\Debug\revolver.lib) does not match the Library's OutputFile property value (C:\projects\open_source\revolver\common\lib\debug\revolver.lib). This may cause your project to build incorrectly. To correct this, please make sure that $(OutDir), $(TargetName) and $(TargetExt) property values match the value specified in %(Lib.OutputFile).
       Lib:
         C:\Program Files (x86)\Microsoft Visual Studio 12.0\VC\bin\Lib.exe /OUT:"..\lib\debug\revolver.lib" /NOLOGO C:\projects\open_source\revolver\common\Debug\revolver\aes.obj
         C:\projects\open_source\revolver\common\Debug\revolver\base64.obj
         C:\projects\open_source\revolver\common\Debug\revolver\base_epoll_reactor.obj
         C:\projects\open_source\revolver\common\Debug\revolver\base_event_handler.obj
         C:\projects\open_source\revolver\common\Debug\revolver\base_file.obj
         C:\projects\open_source\revolver\common\Debug\revolver\base_hex_string.obj
         C:\projects\open_source\revolver\common\Debug\revolver\base_inet_addr.obj
         C:\projects\open_source\revolver\common\Debug\revolver\base_log.obj
         C:\projects\open_source\revolver\common\Debug\revolver\base_log_thread.obj
         C:\projects\open_source\revolver\common\Debug\revolver\base_nodes_load.obj
         C:\projects\open_source\revolver\common\Debug\revolver\base_select_reactor.obj
         C:\projects\open_source\revolver\common\Debug\revolver\base_socket.obj
         C:\projects\open_source\revolver\common\Debug\revolver\base_sock_acceptor.obj
         C:\projects\open_source\revolver\common\Debug\revolver\base_sock_connector.obj
         C:\projects\open_source\revolver\common\Debug\revolver\base_sock_dgram.obj
         C:\projects\open_source\revolver\common\Debug\revolver\base_sock_stream.obj
         C:\projects\open_source\revolver\common\Debug\revolver\base_thread.obj
         C:\projects\open_source\revolver\common\Debug\revolver\base_timer_value.obj
         C:\projects\open_source\revolver\common\Debug\revolver\crc_crypt.obj
         C:\projects\open_source\revolver\common\Debug\revolver\date_time.obj
         C:\projects\open_source\revolver\common\Debug\revolver\gettimeofday.obj
         C:\projects\open_source\revolver\common\Debug\revolver\lzo_object.obj
         C:\projects\open_source\revolver\common\Debug\revolver\md5c.obj
         C:\projects\open_source\revolver\common\Debug\revolver\minilzo.obj
         C:\projects\open_source\revolver\common\Debug\revolver\timer_ring.obj
     1>base_epoll_reactor.obj : warning LNK4221: This object file does not define any previously undefined public symbols, so it will not be used by any link operation that consumes this library
         revolver_v12.vcxproj -> C:\projects\open_source\revolver\common\Debug\revolver.lib
       FinalizeBuildStatus:
         Deleting file "C:\projects\open_source\revolver\common\Debug\revolver\revolver.tlog\unsuccessfulbuild".
         Touching "C:\projects\open_source\revolver\common\Debug\revolver\revolver.tlog\revolver.lastbuildstate".
     1>Done Building Project "C:\projects\open_source\revolver\common\vsproj\revolver_v12.vcxproj" (Build target(s)).

Build succeeded.

Time Elapsed 00:00:17.93
